2017-10-28 23:09:53,096 |     INFO | Starting game 1 of 1, white: [http://localhost:5000], black: [http://localhost:5000]
2017-10-28 23:09:57,278 |     INFO | Move   1: white plays Move: 31 -> 26
2017-10-28 23:09:57,859 |     INFO | Move   1: black plays Move: 16 -> 21
2017-10-28 23:09:58,447 |     INFO | Move   2: white plays Move: 32 -> 28
2017-10-28 23:09:59,020 |     INFO | Move   2: black plays Move: 19 -> 24
2017-10-28 23:09:59,595 |     INFO | Move   3: white plays Move: 28 -> 22
2017-10-28 23:10:00,178 |     INFO | Move   3: black plays Capture: 17 -> 28
2017-10-28 23:10:00,758 |     INFO | Move   4: white plays Capture: 33 -> 22
2017-10-28 23:10:01,335 |     INFO | Move   4: black plays Capture: 18 -> 27
2017-10-28 23:10:01,904 |     INFO | Move   5: white plays Capture: 26 -> 17
2017-10-28 23:10:02,595 |     INFO | Move   5: black plays Capture: 11 -> 22
2017-10-28 23:10:03,892 |     INFO | Move   6: white plays Move: 34 -> 30
2017-10-28 23:10:04,547 |     INFO | Move   6: black plays Move: 12 -> 17
2017-10-28 23:10:05,128 |     INFO | Move   7: white plays Capture: 30 -> 19
2017-10-28 23:10:05,726 |     INFO | Move   7: black plays Capture: 14 -> 23
2017-10-28 23:10:06,342 |     INFO | Move   8: white plays Move: 39 -> 33
2017-10-28 23:10:06,919 |     INFO | Move   8: black plays Move: 23 -> 29
2017-10-28 23:10:07,591 |     INFO | Move   9: white plays Capture: 33 -> 24
2017-10-28 23:10:08,209 |     INFO | Move   9: black plays Capture: 20 -> 29
2017-10-28 23:10:08,774 |     INFO | Move  10: white plays Move: 36 -> 31
2017-10-28 23:10:09,348 |     INFO | Move  10: black plays Capture: 27 -> 36
2017-10-28 23:10:09,919 |     INFO | Move  11: white plays Move: 35 -> 30
2017-10-28 23:10:10,493 |     INFO | Move  11: black plays Move: 29 -> 34
2017-10-28 23:10:11,079 |     INFO | Move  12: white plays Capture: 30 -> 39
2017-10-28 23:10:11,672 |     INFO | Move  12: black plays Move: 7 -> 12
2017-10-28 23:10:12,248 |     INFO | Move  13: white plays Move: 40 -> 35
2017-10-28 23:10:15,003 |     INFO | Move  13: black plays Move: 10 -> 14
2017-10-28 23:10:15,645 |     INFO | Move  14: white plays Move: 39 -> 34
2017-10-28 23:10:16,321 |     INFO | Move  14: black plays Move: 2 -> 7
2017-10-28 23:10:17,013 |     INFO | Move  15: white plays Move: 34 -> 29
2017-10-28 23:10:17,672 |     INFO | Move  15: black plays Move: 12 -> 18
2017-10-28 23:10:20,444 |     INFO | Move  16: white plays Move: 44 -> 39
2017-10-28 23:10:21,073 |     INFO | Move  16: black plays Move: 13 -> 19
2017-10-28 23:10:21,688 |     INFO | Move  17: white plays Move: 50 -> 44
2017-10-28 23:10:22,314 |     INFO | Move  17: black plays Move: 6 -> 11
2017-10-28 23:10:22,894 |     INFO | Move  18: white plays Move: 38 -> 32
2017-10-28 23:10:23,542 |     INFO | Move  18: black plays Move: 22 -> 28
2017-10-28 23:10:24,136 |     INFO | Move  19: white plays Combo x3: [Capture: 32 -> 23, Capture: 23 -> 12, Capture: 12 -> 21]
2017-10-28 23:10:24,739 |     INFO | Move  19: black plays Move: 8 -> 12
2017-10-28 23:10:25,307 |     INFO | Move  20: white plays Move: 21 -> 17
2017-10-28 23:10:25,897 |     INFO | Move  20: black plays Capture: 12 -> 21
2017-10-28 23:10:26,496 |     INFO | Move  21: white plays Move: 39 -> 33
2017-10-28 23:10:27,073 |     INFO | Move  21: black plays Move: 3 -> 8
2017-10-28 23:10:27,682 |     INFO | Move  22: white plays Move: 29 -> 23
2017-10-28 23:10:28,300 |     INFO | Move  22: black plays Combo x3: [Capture: 19 -> 28, Capture: 28 -> 39, Capture: 39 -> 50]
2017-10-28 23:10:28,892 |     INFO | Move  23: white plays Move: 45 -> 40
2017-10-28 23:10:29,464 |     INFO | Move  23: black plays Move: 21 -> 26
2017-10-28 23:10:30,043 |     INFO | Move  24: white plays Move: 37 -> 32
2017-10-28 23:10:30,630 |     INFO | Move  24: black plays Move: 50 -> 28
2017-10-28 23:10:31,220 |     INFO | Move  25: white plays Capture: 32 -> 23
2017-10-28 23:10:31,805 |     INFO | Move  25: black plays Move: 15 -> 20
2017-10-28 23:10:32,389 |     INFO | Move  26: white plays Move: 23 -> 19
2017-10-28 23:10:32,964 |     INFO | Move  26: black plays Capture: 14 -> 23
2017-10-28 23:10:33,536 |     INFO | Move  27: white plays Move: 42 -> 37
2017-10-28 23:10:34,085 |     INFO | Move  27: black plays Move: 9 -> 13
2017-10-28 23:10:34,655 |     INFO | Move  28: white plays Move: 48 -> 42
2017-10-28 23:10:35,517 |     INFO | Move  28: black plays Move: 20 -> 24
2017-10-28 23:10:36,080 |     INFO | Move  29: white plays Move: 37 -> 31
2017-10-28 23:10:36,633 |     INFO | Move  29: black plays Combo x3: [Capture: 26 -> 37, Capture: 37 -> 48, Capture: 48 -> 39]
2017-10-28 23:10:37,193 |     INFO | Move  30: white plays Move: 40 -> 34
2017-10-28 23:10:37,951 |     INFO | Move  30: black plays Capture: 39 -> 30
2017-10-28 23:10:38,882 |     INFO | Move  31: white plays Move: 49 -> 43
2017-10-28 23:10:39,481 |     INFO | Move  31: black plays Move: 1 -> 6
2017-10-28 23:10:40,134 |     INFO | Move  32: white plays Move: 47 -> 42
2017-10-28 23:10:41,465 |     INFO | Move  32: black plays Combo x3: [Capture: 36 -> 47, Capture: 47 -> 38, Capture: 38 -> 49]
2017-10-28 23:10:42,443 |     INFO | Move  33: white plays Move: 46 -> 41
2017-10-28 23:10:43,452 |     INFO | Move  33: black plays Move: 11 -> 16
2017-10-28 23:10:44,003 |     INFO | Move  34: white plays Move: 41 -> 37
2017-10-28 23:10:44,554 |     INFO | Move  34: black plays Move: 49 -> 27
2017-10-28 23:10:45,144 |     INFO | Move  35: white plays Move: 37 -> 32
2017-10-28 23:10:45,680 |     INFO | Move  35: black plays Capture: 27 -> 49
2017-10-28 23:10:46,223 |     INFO | Game over: black won
2017-10-28 23:10:47,845 |     INFO | Game saved to game-20171028-230952-1.replay
