2017-10-28 23:12:02,355 |     INFO | Starting game 1 of 1, white: [http://localhost:5000], black: [http://localhost:5000]
2017-10-28 23:12:04,995 |     INFO | Move   1: white plays Move: 31 -> 26
2017-10-28 23:12:05,594 |     INFO | Move   1: black plays Move: 18 -> 22
2017-10-28 23:12:06,179 |     INFO | Move   2: white plays Move: 26 -> 21
2017-10-28 23:12:06,762 |     INFO | Move   2: black plays Capture: 17 -> 26
2017-10-28 23:12:07,341 |     INFO | Move   3: white plays Move: 37 -> 31
2017-10-28 23:12:07,925 |     INFO | Move   3: black plays Combo x2: [Capture: 26 -> 37, Capture: 37 -> 28]
2017-10-28 23:12:08,514 |     INFO | Move   4: white plays Move: 34 -> 30
2017-10-28 23:12:09,090 |     INFO | Move   4: black plays Move: 12 -> 18
2017-10-28 23:12:09,660 |     INFO | Move   5: white plays Move: 30 -> 24
2017-10-28 23:12:10,239 |     INFO | Move   5: black plays Capture: 20 -> 29
2017-10-28 23:12:10,821 |     INFO | Move   6: white plays Capture: 33 -> 24
2017-10-28 23:12:11,412 |     INFO | Move   6: black plays Capture: 19 -> 30
2017-10-28 23:12:11,991 |     INFO | Move   7: white plays Capture: 35 -> 24
2017-10-28 23:12:12,562 |     INFO | Move   7: black plays Move: 22 -> 27
2017-10-28 23:12:13,156 |     INFO | Move   8: white plays Move: 38 -> 32
2017-10-28 23:12:13,789 |     INFO | Move   8: black plays Capture: 27 -> 38
2017-10-28 23:12:14,497 |     INFO | Move   9: white plays Combo x3: [Capture: 43 -> 32, Capture: 32 -> 23, Capture: 23 -> 12]
2017-10-28 23:12:15,799 |     INFO | Move   9: black plays Capture: 7 -> 18
2017-10-28 23:12:17,181 |     INFO | Move  10: white plays Move: 24 -> 19
2017-10-28 23:12:18,977 |     INFO | Move  10: black plays Capture: 14 -> 23
2017-10-28 23:12:20,478 |     INFO | Move  11: white plays Move: 39 -> 33
2017-10-28 23:12:21,055 |     INFO | Move  11: black plays Move: 15 -> 20
2017-10-28 23:12:21,622 |     INFO | Move  12: white plays Move: 42 -> 37
2017-10-28 23:12:22,200 |     INFO | Move  12: black plays Move: 8 -> 12
2017-10-28 23:12:22,803 |     INFO | Move  13: white plays Move: 40 -> 34
2017-10-28 23:12:23,372 |     INFO | Move  13: black plays Move: 10 -> 15
2017-10-28 23:12:23,933 |     INFO | Move  14: white plays Move: 49 -> 43
2017-10-28 23:12:24,489 |     INFO | Move  14: black plays Move: 5 -> 10
2017-10-28 23:12:25,056 |     INFO | Move  15: white plays Move: 44 -> 39
2017-10-28 23:12:25,616 |     INFO | Move  15: black plays Move: 2 -> 8
2017-10-28 23:12:26,168 |     INFO | Move  16: white plays Move: 37 -> 32
2017-10-28 23:12:26,717 |     INFO | Move  16: black plays Move: 18 -> 22
2017-10-28 23:12:27,296 |     INFO | Move  17: white plays Move: 34 -> 29
2017-10-28 23:12:28,113 |     INFO | Move  17: black plays Capture: 23 -> 34
2017-10-28 23:12:28,664 |     INFO | Move  18: white plays Capture: 39 -> 30
2017-10-28 23:12:29,615 |     INFO | Move  18: black plays Move: 22 -> 27
2017-10-28 23:12:30,359 |     INFO | Move  19: white plays Capture: 32 -> 21
2017-10-28 23:12:30,922 |     INFO | Move  19: black plays Capture: 16 -> 27
2017-10-28 23:12:31,896 |     INFO | Move  20: white plays Move: 41 -> 37
2017-10-28 23:12:32,460 |     INFO | Move  20: black plays Move: 13 -> 19
